[debug] [2021-09-04T00:05:54.201Z] ----------------------------------------------------------------------
[debug] [2021-09-04T00:05:54.203Z] Command:       /usr/local/bin/node /usr/local/bin/firebase emulators:start
[debug] [2021-09-04T00:05:54.203Z] CLI Version:   9.16.6
[debug] [2021-09-04T00:05:54.203Z] Platform:      darwin
[debug] [2021-09-04T00:05:54.203Z] Node Version:  v14.16.1
[debug] [2021-09-04T00:05:54.204Z] Time:          Fri Sep 03 2021 20:05:54 GMT-0400 (Eastern Daylight Time)
[debug] [2021-09-04T00:05:54.204Z] ----------------------------------------------------------------------
[debug] 
[debug] [2021-09-04T00:05:54.252Z] > command requires scopes: ["email","openid","https://www.googleapis.com/auth/cloudplatformprojects.readonly","https://www.googleapis.com/auth/firebase","https://www.googleapis.com/auth/cloud-platform"]
[debug] [2021-09-04T00:05:54.252Z] > authorizing via signed-in user (dmclemore105@gmail.com)
[info] i  emulators: Starting emulators: functions, hosting {"metadata":{"emulator":{"name":"hub"},"message":"Starting emulators: functions, hosting"}}
[debug] [2021-09-04T00:05:54.265Z] [hub] writing locator at /var/folders/wr/80yvp77949qcvw483nxqmh_00000gn/T/hub-clone-269c4.json
[warn] ⚠  functions: The following emulators are not running, calls to these services from the Functions emulator will affect production: auth, firestore, database, pubsub, storage {"metadata":{"emulator":{"name":"functions"},"message":"The following emulators are not running, calls to these services from the Functions emulator will affect production: \u001b[1mauth, firestore, database, pubsub, storage\u001b[22m"}}
[info] ✔  functions: Using node@14 from host. {"metadata":{"emulator":{"name":"functions"},"message":"Using node@14 from host."}}
[debug] [2021-09-04T00:05:54.286Z] defaultcredentials: writing to file /Users/desmond/.config/firebase/dmclemore105_gmail_com_application_default_credentials.json
[debug] [2021-09-04T00:05:54.297Z] Setting GAC to /Users/desmond/.config/firebase/dmclemore105_gmail_com_application_default_credentials.json {"metadata":{"emulator":{"name":"functions"},"message":"Setting GAC to /Users/desmond/.config/firebase/dmclemore105_gmail_com_application_default_credentials.json"}}
[debug] [2021-09-04T00:05:54.299Z] > refreshing access token with scopes: []
[debug] [2021-09-04T00:05:54.300Z] >>> HTTP REQUEST POST https://www.googleapis.com/oauth2/v3/token  
 <request body omitted>
[debug] [2021-09-04T00:05:54.506Z] <<< HTTP RESPONSE 200 {"pragma":"no-cache","expires":"Mon, 01 Jan 1990 00:00:00 GMT","date":"Sat, 04 Sep 2021 00:05:54 GMT","cache-control":"no-cache, no-store, max-age=0, must-revalidate","content-type":"application/json; charset=utf-8","vary":"X-Origin, Referer, Origin,Accept-Encoding","server":"scaffolding on HTTPServer2","x-xss-protection":"0","x-frame-options":"SAMEORIGIN","x-content-type-options":"nosniff","alt-svc":"h3=\":443\"; ma=2592000,h3-29=\":443\"; ma=2592000,h3-T051=\":443\"; ma=2592000,h3-Q050=\":443\"; ma=2592000,h3-Q046=\":443\"; ma=2592000,h3-Q043=\":443\"; ma=2592000,quic=\":443\"; ma=2592000; v=\"46,43\"","accept-ranges":"none","transfer-encoding":"chunked"}
[debug] [2021-09-04T00:05:54.554Z] >>> [apiv2][query] GET https://firebase.googleapis.com/v1beta1/projects/clone-269c4/adminSdkConfig [none]
[debug] [2021-09-04T00:05:54.832Z] <<< [apiv2][status] GET https://firebase.googleapis.com/v1beta1/projects/clone-269c4/adminSdkConfig 200
[debug] [2021-09-04T00:05:54.832Z] <<< [apiv2][body] GET https://firebase.googleapis.com/v1beta1/projects/clone-269c4/adminSdkConfig {"projectId":"clone-269c4","storageBucket":"clone-269c4.appspot.com","locationId":"us-central"}
[debug] [2021-09-04T00:05:55.129Z] >>> [apiv2][query] GET https://firebasehosting.googleapis.com/v1beta1/projects/clone-269c4/sites 
[debug] [2021-09-04T00:05:55.428Z] <<< [apiv2][status] GET https://firebasehosting.googleapis.com/v1beta1/projects/clone-269c4/sites 200
[debug] [2021-09-04T00:05:55.428Z] <<< [apiv2][body] GET https://firebasehosting.googleapis.com/v1beta1/projects/clone-269c4/sites {"sites":[{"name":"projects/249582119072/sites/clone-269c4","defaultUrl":"https://clone-269c4.web.app","appId":"1:249582119072:web:c14f993e28723cefbc41c5","type":"DEFAULT_SITE"}]}
[debug] [2021-09-04T00:05:55.429Z] >>> [apiv2][query] GET https://firebase.googleapis.com/v1beta1/projects/clone-269c4/webApps/1:249582119072:web:c14f993e28723cefbc41c5/config [none]
[debug] [2021-09-04T00:05:55.887Z] <<< [apiv2][status] GET https://firebase.googleapis.com/v1beta1/projects/clone-269c4/webApps/1:249582119072:web:c14f993e28723cefbc41c5/config 200
[debug] [2021-09-04T00:05:55.887Z] <<< [apiv2][body] GET https://firebase.googleapis.com/v1beta1/projects/clone-269c4/webApps/1:249582119072:web:c14f993e28723cefbc41c5/config {"projectId":"clone-269c4","appId":"1:249582119072:web:c14f993e28723cefbc41c5","storageBucket":"clone-269c4.appspot.com","locationId":"us-central","apiKey":"AIzaSyCMHhNbgVxOS6WkijZs2slFzC_5BkiIiUY","authDomain":"clone-269c4.firebaseapp.com","messagingSenderId":"249582119072","measurementId":"G-74RBYEPD9W"}
[info] i  hosting: Serving hosting files from: build {"metadata":{"emulator":{"name":"hosting"},"message":"Serving hosting files from: \u001b[1mbuild\u001b[22m"}}
[info] ✔  hosting: Local server: http://localhost:5000 {"metadata":{"emulator":{"name":"hosting"},"message":"Local server: \u001b[4m\u001b[1mhttp://localhost:5000\u001b[22m\u001b[24m"}}
[debug] [2021-09-04T00:05:55.954Z] Ignoring unsupported arg: auto_download {"metadata":{"emulator":{"name":"ui"},"message":"Ignoring unsupported arg: auto_download"}}
[debug] [2021-09-04T00:05:55.954Z] Ignoring unsupported arg: port {"metadata":{"emulator":{"name":"ui"},"message":"Ignoring unsupported arg: port"}}
[debug] [2021-09-04T00:05:55.954Z] Starting Emulator UI with command {"binary":"node","args":["/Users/desmond/.cache/firebase/emulators/ui-v1.6.2/server.bundle.js"],"optionalArgs":[],"joinArgs":false} {"metadata":{"emulator":{"name":"ui"},"message":"Starting Emulator UI with command {\"binary\":\"node\",\"args\":[\"/Users/desmond/.cache/firebase/emulators/ui-v1.6.2/server.bundle.js\"],\"optionalArgs\":[],\"joinArgs\":false}"}}
[info] i  ui: Emulator UI logging to ui-debug.log {"metadata":{"emulator":{"name":"ui"},"message":"Emulator UI logging to \u001b[1mui-debug.log\u001b[22m"}}
[debug] [2021-09-04T00:05:56.091Z] Web / API server started at localhost:4000
 {"metadata":{"emulator":{"name":"ui"},"message":"Web / API server started at localhost:4000\n"}}
[info] i  functions: Watching "/Users/desmond/Documents/school/amazon-clone/functions" for Cloud Functions... {"metadata":{"emulator":{"name":"functions"},"message":"Watching \"/Users/desmond/Documents/school/amazon-clone/functions\" for Cloud Functions..."}}
[debug] [2021-09-04T00:05:56.247Z] [worker-pool] addWorker(~diagnostic~) {"metadata":{"emulator":{"name":"functions"},"message":"[worker-pool] addWorker(~diagnostic~)"}}
[debug] [2021-09-04T00:05:56.247Z] [worker-pool] Adding worker with key ~diagnostic~, total=1 {"metadata":{"emulator":{"name":"functions"},"message":"[worker-pool] Adding worker with key ~diagnostic~, total=1"}}
[debug] [2021-09-04T00:05:56.247Z] [worker-pool] submitWork(triggerId=) {"metadata":{"emulator":{"name":"functions"},"message":"[worker-pool] submitWork(triggerId=)"}}
[debug] [2021-09-04T00:05:56.247Z] [worker-~diagnostic~-54a2eba0-e390-4165-93b0-57221dac6756]: Assigning socketPath: /var/folders/wr/80yvp77949qcvw483nxqmh_00000gn/T/fire_emu_2972.sock {"metadata":{"emulator":{"name":"functions"},"message":"[worker-~diagnostic~-54a2eba0-e390-4165-93b0-57221dac6756]: Assigning socketPath: /var/folders/wr/80yvp77949qcvw483nxqmh_00000gn/T/fire_emu_2972.sock"}}
[debug] [2021-09-04T00:05:56.248Z] [worker-~diagnostic~-54a2eba0-e390-4165-93b0-57221dac6756]: BUSY {"metadata":{"emulator":{"name":"functions"},"message":"[worker-~diagnostic~-54a2eba0-e390-4165-93b0-57221dac6756]: BUSY"}}
[debug] [2021-09-04T00:05:56.426Z] [runtime-status] [2972] Functions runtime initialized. {"cwd":"/Users/desmond/Documents/school/amazon-clone/functions","node_version":"14.16.1"} {"metadata":{"emulator":{"name":"functions"},"message":"[runtime-status] [2972] Functions runtime initialized. {\"cwd\":\"/Users/desmond/Documents/school/amazon-clone/functions\",\"node_version\":\"14.16.1\"}"}}
[debug] [2021-09-04T00:05:56.427Z] [runtime-status] [2972] Disabled runtime features: undefined {"metadata":{"emulator":{"name":"functions"},"message":"[runtime-status] [2972] Disabled runtime features: undefined"}}
[debug] [2021-09-04T00:05:56.432Z] [runtime-status] [2972] Resolved module firebase-admin {"declared":true,"installed":true,"version":"9.11.1","resolution":"/Users/desmond/Documents/school/amazon-clone/functions/node_modules/firebase-admin/lib/index.js"} {"metadata":{"emulator":{"name":"functions"},"message":"[runtime-status] [2972] Resolved module firebase-admin {\"declared\":true,\"installed\":true,\"version\":\"9.11.1\",\"resolution\":\"/Users/desmond/Documents/school/amazon-clone/functions/node_modules/firebase-admin/lib/index.js\"}"}}
[debug] [2021-09-04T00:05:56.434Z] [runtime-status] [2972] Resolved module firebase-functions {"declared":true,"installed":true,"version":"3.15.5","resolution":"/Users/desmond/Documents/school/amazon-clone/functions/node_modules/firebase-functions/lib/index.js"} {"metadata":{"emulator":{"name":"functions"},"message":"[runtime-status] [2972] Resolved module firebase-functions {\"declared\":true,\"installed\":true,\"version\":\"3.15.5\",\"resolution\":\"/Users/desmond/Documents/school/amazon-clone/functions/node_modules/firebase-functions/lib/index.js\"}"}}
[debug] [2021-09-04T00:05:56.437Z] [runtime-status] [2972] Resolved module firebase-functions {"declared":true,"installed":true,"version":"3.15.5","resolution":"/Users/desmond/Documents/school/amazon-clone/functions/node_modules/firebase-functions/lib/index.js"} {"metadata":{"emulator":{"name":"functions"},"message":"[runtime-status] [2972] Resolved module firebase-functions {\"declared\":true,\"installed\":true,\"version\":\"3.15.5\",\"resolution\":\"/Users/desmond/Documents/school/amazon-clone/functions/node_modules/firebase-functions/lib/index.js\"}"}}
[debug] [2021-09-04T00:05:56.438Z] [runtime-status] [2972] Outgoing network have been stubbed. [{"name":"http","status":"mocked"},{"name":"http","status":"mocked"},{"name":"https","status":"mocked"},{"name":"https","status":"mocked"},{"name":"net","status":"mocked"}] {"metadata":{"emulator":{"name":"functions"},"message":"[runtime-status] [2972] Outgoing network have been stubbed. [{\"name\":\"http\",\"status\":\"mocked\"},{\"name\":\"http\",\"status\":\"mocked\"},{\"name\":\"https\",\"status\":\"mocked\"},{\"name\":\"https\",\"status\":\"mocked\"},{\"name\":\"net\",\"status\":\"mocked\"}]"}}
[debug] [2021-09-04T00:05:56.439Z] [runtime-status] [2972] Resolved module firebase-functions {"declared":true,"installed":true,"version":"3.15.5","resolution":"/Users/desmond/Documents/school/amazon-clone/functions/node_modules/firebase-functions/lib/index.js"} {"metadata":{"emulator":{"name":"functions"},"message":"[runtime-status] [2972] Resolved module firebase-functions {\"declared\":true,\"installed\":true,\"version\":\"3.15.5\",\"resolution\":\"/Users/desmond/Documents/school/amazon-clone/functions/node_modules/firebase-functions/lib/index.js\"}"}}
[debug] [2021-09-04T00:05:56.472Z] [runtime-status] [2972] Checked functions.config() {"config":{}} {"metadata":{"emulator":{"name":"functions"},"message":"[runtime-status] [2972] Checked functions.config() {\"config\":{}}"}}
[debug] [2021-09-04T00:05:56.472Z] [runtime-status] [2972] firebase-functions has been stubbed. {"functionsResolution":{"declared":true,"installed":true,"version":"3.15.5","resolution":"/Users/desmond/Documents/school/amazon-clone/functions/node_modules/firebase-functions/lib/index.js"}} {"metadata":{"emulator":{"name":"functions"},"message":"[runtime-status] [2972] firebase-functions has been stubbed. {\"functionsResolution\":{\"declared\":true,\"installed\":true,\"version\":\"3.15.5\",\"resolution\":\"/Users/desmond/Documents/school/amazon-clone/functions/node_modules/firebase-functions/lib/index.js\"}}"}}
[debug] [2021-09-04T00:05:56.472Z] [runtime-status] [2972] Resolved module firebase-functions {"declared":true,"installed":true,"version":"3.15.5","resolution":"/Users/desmond/Documents/school/amazon-clone/functions/node_modules/firebase-functions/lib/index.js"} {"metadata":{"emulator":{"name":"functions"},"message":"[runtime-status] [2972] Resolved module firebase-functions {\"declared\":true,\"installed\":true,\"version\":\"3.15.5\",\"resolution\":\"/Users/desmond/Documents/school/amazon-clone/functions/node_modules/firebase-functions/lib/index.js\"}"}}
[debug] [2021-09-04T00:05:56.473Z] [runtime-status] [2972] Resolved module firebase-admin {"declared":true,"installed":true,"version":"9.11.1","resolution":"/Users/desmond/Documents/school/amazon-clone/functions/node_modules/firebase-admin/lib/index.js"} {"metadata":{"emulator":{"name":"functions"},"message":"[runtime-status] [2972] Resolved module firebase-admin {\"declared\":true,\"installed\":true,\"version\":\"9.11.1\",\"resolution\":\"/Users/desmond/Documents/school/amazon-clone/functions/node_modules/firebase-admin/lib/index.js\"}"}}
[debug] [2021-09-04T00:05:56.473Z] [runtime-status] [2972] Resolved module firebase-functions {"declared":true,"installed":true,"version":"3.15.5","resolution":"/Users/desmond/Documents/school/amazon-clone/functions/node_modules/firebase-functions/lib/index.js"} {"metadata":{"emulator":{"name":"functions"},"message":"[runtime-status] [2972] Resolved module firebase-functions {\"declared\":true,\"installed\":true,\"version\":\"3.15.5\",\"resolution\":\"/Users/desmond/Documents/school/amazon-clone/functions/node_modules/firebase-functions/lib/index.js\"}"}}
[debug] [2021-09-04T00:05:56.473Z] [runtime-status] [2972] firebase-admin has been stubbed. {"adminResolution":{"declared":true,"installed":true,"version":"9.11.1","resolution":"/Users/desmond/Documents/school/amazon-clone/functions/node_modules/firebase-admin/lib/index.js"}} {"metadata":{"emulator":{"name":"functions"},"message":"[runtime-status] [2972] firebase-admin has been stubbed. {\"adminResolution\":{\"declared\":true,\"installed\":true,\"version\":\"9.11.1\",\"resolution\":\"/Users/desmond/Documents/school/amazon-clone/functions/node_modules/firebase-admin/lib/index.js\"}}"}}
[info] ✔  functions[us-central1-api]: http function initialized (http://localhost:5001/clone-269c4/us-central1/api). {"metadata":{"emulator":{"name":"functions"},"message":"\u001b[1mhttp\u001b[22m function initialized (http://localhost:5001/clone-269c4/us-central1/api)."}}
[info] 
┌─────────────────────────────────────────────────────────────┐
│ ✔  All emulators ready! It is now safe to connect your app. │
│ i  View Emulator UI at http://localhost:4000                │
└─────────────────────────────────────────────────────────────┘

┌───────────┬────────────────┬─────────────────────────────────┐
│ Emulator  │ Host:Port      │ View in Emulator UI             │
├───────────┼────────────────┼─────────────────────────────────┤
│ Functions │ localhost:5001 │ http://localhost:4000/functions │
├───────────┼────────────────┼─────────────────────────────────┤
│ Hosting   │ localhost:5000 │ n/a                             │
└───────────┴────────────────┴─────────────────────────────────┘
  Emulator Hub running at localhost:4400
  Other reserved ports: 4500

Issues? Report them at https://github.com/firebase/firebase-tools/issues and attach the *-debug.log files.
 
[debug] [2021-09-04T00:05:56.565Z] [worker-~diagnostic~-54a2eba0-e390-4165-93b0-57221dac6756]: IDLE {"metadata":{"emulator":{"name":"functions"},"message":"[worker-~diagnostic~-54a2eba0-e390-4165-93b0-57221dac6756]: IDLE"}}
